<?xml version="1.0" encoding="UTF-8"?>
<!-- Generated by org.testng.reporters.JUnitXMLReporter -->
<testsuite ignored="0" hostname="Jessie" failures="0" tests="3" name="Default test" time="37.865" errors="0" timestamp="2025-02-22T18:30:17 IST">
  <testcase classname="com.finance.tests.YahooFinanceTests" name="testSearchTesla" time="0.97"/>
  <testcase classname="com.finance.tests.YahooFinanceTests" name="testStockPrice" time="2.02"/>
  <testcase classname="com.finance.tests.YahooFinanceTests" name="testCaptureAdditionalData" time="0.509"/>
</testsuite> <!-- Default test -->
