<?xml version="1.0" encoding="UTF-8"?>
<testng-results ignored="0" total="3" passed="3" failed="0" skipped="0">
  <reporter-output>
  </reporter-output>
  <suite started-at="2025-02-22T18:29:39 IST" name="Default suite" finished-at="2025-02-22T18:30:17 IST" duration-ms="37865">
    <groups>
    </groups>
    <test started-at="2025-02-22T18:29:39 IST" name="Default test" finished-at="2025-02-22T18:30:17 IST" duration-ms="37865">
      <class name="com.finance.tests.YahooFinanceTests">
        <test-method is-config="true" signature="setUp()[pri:0, instance:com.finance.tests.YahooFinanceTests@557caf28]" started-at="2025-02-22T18:29:39 IST" name="setUp" finished-at="2025-02-22T18:30:13 IST" duration-ms="33807" status="PASS">
          <reporter-output>
          </reporter-output>
        </test-method> <!-- setUp -->
        <test-method signature="testSearchTesla()[pri:1, instance:com.finance.tests.YahooFinanceTests@557caf28]" started-at="2025-02-22T18:30:13 IST" name="testSearchTesla" finished-at="2025-02-22T18:30:14 IST" duration-ms="970" status="PASS">
          <reporter-output>
          </reporter-output>
        </test-method> <!-- testSearchTesla -->
        <test-method signature="testStockPrice()[pri:2, instance:com.finance.tests.YahooFinanceTests@557caf28]" started-at="2025-02-22T18:30:14 IST" name="testStockPrice" finished-at="2025-02-22T18:30:16 IST" depends-on-methods="com.finance.tests.YahooFinanceTests.testSearchTesla" duration-ms="2020" status="PASS">
          <reporter-output>
          </reporter-output>
        </test-method> <!-- testStockPrice -->
        <test-method signature="testCaptureAdditionalData()[pri:3, instance:com.finance.tests.YahooFinanceTests@557caf28]" started-at="2025-02-22T18:30:16 IST" name="testCaptureAdditionalData" finished-at="2025-02-22T18:30:17 IST" depends-on-methods="com.finance.tests.YahooFinanceTests.testStockPrice" duration-ms="509" status="PASS">
          <reporter-output>
          </reporter-output>
        </test-method> <!-- testCaptureAdditionalData -->
        <test-method is-config="true" signature="tearDown()[pri:0, instance:com.finance.tests.YahooFinanceTests@557caf28]" started-at="2025-02-22T18:30:17 IST" name="tearDown" finished-at="2025-02-22T18:30:17 IST" duration-ms="498" status="PASS">
          <reporter-output>
          </reporter-output>
        </test-method> <!-- tearDown -->
      </class> <!-- com.finance.tests.YahooFinanceTests -->
    </test> <!-- Default test -->
  </suite> <!-- Default suite -->
</testng-results>
